<?xml version="1.0" encoding="UTF-8"?>
<!-- Generated by org.testng.reporters.JUnitReportReporter -->
<testsuite hostname="LT062360" name="test.LoginTest" tests="3" failures="0" timestamp="25 Feb 2019 09:47:59 GMT" time="6.299" errors="0">
  <testcase name="AdminvalidLogin" time="3.611" classname="test.LoginTest"/>
  <testcase name="checkloginpage" time="0.982" classname="test.LoginTest"/>
  <testcase name="invalidLogin" time="1.706" classname="test.LoginTest"/>
</testsuite> <!-- test.LoginTest -->
